0 info it worked if it ends with ok
1 verbose cli [
1 verbose cli   'C:\\Program Files\\nodejs\\node.exe',
1 verbose cli   'C:\\Users\\belko\\AppData\\Roaming\\npm\\node_modules\\npm\\bin\\npm-cli.js',
1 verbose cli   'run',
1 verbose cli   'client'
1 verbose cli ]
2 info using npm@3.8.0
3 info using node@v18.18.2
4 verbose run-script [ 'preclient', 'client', 'postclient' ]
5 info lifecycle e-learning@1.0.0~preclient: e-learning@1.0.0
6 silly lifecycle e-learning@1.0.0~preclient: no script for preclient, continuing
7 info lifecycle e-learning@1.0.0~client: e-learning@1.0.0
8 verbose lifecycle e-learning@1.0.0~client: unsafe-perm in lifecycle true
9 verbose lifecycle e-learning@1.0.0~client: PATH: C:\Users\belko\AppData\Roaming\npm\node_modules\npm\bin\node-gyp-bin;C:\E-Learn\E-Learning-MERN\node_modules\.bin;C:\Program Files\nodejs;C:\Users\belko\AppData\Roaming\npm\node_modules\npm\bin\node-gyp-bin;C:\E-Learn\E-Learning-MERN\node_modules\.bin;C:\Program Files\nodejs;C:\Program Files (x86)\VMware\VMware Player\bin\;C:\windows\system32;C:\windows;C:\windows\System32\Wbem;C:\windows\System32\WindowsPowerShell\v1.0\;C:\windows\System32\OpenSSH\;C:\Program Files\Docker\Docker\resources\bin;C:\composer;C:\Program Files\Git\cmd;C:\Users\belko\AppData\Roaming\nvm;C:\Program Files\nodejs;C:\Program Files\OpenSSL-Win64\bin;C:\Users\belko\.symfony5\tmp\ckg5ncvurjmm944hp86g\bin;C:\wamp64\bin\php\php8.2.0;C:\Program Files (x86)\VMware\VMware Player\bin\;C:\windows\system32;C:\windows;C:\windows\System32\Wbem;C:\windows\System32\WindowsPowerShell\v1.0\;C:\windows\System32\OpenSSH\;C:\php_8.2.11;C:\Program Files\Docker\Docker\resources\bin;C:\composer;C:\Program Files\Git\cmd;C:\Users\belko\scoop\shims;C:\Users\belko\AppData\Local\Programs\Python\Launcher\;C:\Users\belko\AppData\Local\Microsoft\WindowsApps;C:\Users\belko\AppData\Local\Programs\Microsoft VS Code\bin;C:\Users\belko\AppData\Roaming\Composer\vendor\bin;C:\Users\belko\.platformsh\bin;C:\Users\belko\AppData\Roaming\npm;C:\Users\belko\AppData\Roaming\nvm;C:\Program Files\nodejs
10 verbose lifecycle e-learning@1.0.0~client: CWD: C:\E-Learn\E-Learning-MERN
11 silly lifecycle e-learning@1.0.0~client: Args: [ '/d /s /c', 'npm start --prefix client' ]
12 silly lifecycle e-learning@1.0.0~client: Returned: code: 1  signal: null
13 info lifecycle e-learning@1.0.0~client: Failed to exec client script
14 verbose stack Error: e-learning@1.0.0 client: `npm start --prefix client`
14 verbose stack Exit status 1
14 verbose stack     at EventEmitter.<anonymous> (C:\Users\belko\AppData\Roaming\npm\node_modules\npm\lib\utils\lifecycle.js:239:16)
14 verbose stack     at EventEmitter.emit (node:events:517:28)
14 verbose stack     at ChildProcess.<anonymous> (C:\Users\belko\AppData\Roaming\npm\node_modules\npm\lib\utils\spawn.js:24:14)
14 verbose stack     at ChildProcess.emit (node:events:517:28)
14 verbose stack     at maybeClose (node:internal/child_process:1098:16)
14 verbose stack     at ChildProcess._handle.onexit (node:internal/child_process:303:5)
15 verbose pkgid e-learning@1.0.0
16 verbose cwd C:\E-Learn\E-Learning-MERN
17 error Windows_NT 10.0.22621
18 error argv "C:\\Program Files\\nodejs\\node.exe" "C:\\Users\\belko\\AppData\\Roaming\\npm\\node_modules\\npm\\bin\\npm-cli.js" "run" "client"
19 error node v18.18.2
20 error npm  v3.8.0
21 error code ELIFECYCLE
22 error e-learning@1.0.0 client: `npm start --prefix client`
22 error Exit status 1
23 error Failed at the e-learning@1.0.0 client script 'npm start --prefix client'.
23 error Make sure you have the latest version of node.js and npm installed.
23 error If you do, this is most likely a problem with the e-learning package,
23 error not with npm itself.
23 error Tell the author that this fails on your system:
23 error     npm start --prefix client
23 error You can get information on how to open an issue for this project with:
23 error     npm bugs e-learning
23 error Or if that isn't available, you can get their info via:
23 error     npm owner ls e-learning
23 error There is likely additional logging output above.
24 verbose exit [ 1, true ]
